npm WARN using --force Recommended protections disabled.
npm WARN ERESOLVE overriding peer dependency
npm WARN ERESOLVE overriding peer dependency
npm WARN ERESOLVE overriding peer dependency
npm WARN ERESOLVE overriding peer dependency
npm WARN ERESOLVE overriding peer dependency
npm WARN While resolving: @assecosolutions/fox-combobox@1.5.16
npm WARN Found: @assecosolutions/common@1.5.15
npm WARN node_modules/@assecosolutions/common
npm WARN   peer @assecosolutions/common@"1.5.15" from @assecosolutions/fox-preview@1.5.15
npm WARN   node_modules/@assecosolutions/fox-preview
npm WARN     @assecosolutions/fox-preview@"*" from the root project
npm WARN   3 more (@assecosolutions/fox-table-view, ...)
npm WARN 
npm WARN Could not resolve dependency:
npm WARN peer @assecosolutions/common@"1.5.14" from @assecosolutions/fox-combobox@1.5.16
npm WARN node_modules/@assecosolutions/fox-combobox
npm WARN   peer @assecosolutions/fox-combobox@"1.5.16" from @assecosolutions/fox-preview@1.5.15
npm WARN   node_modules/@assecosolutions/fox-preview
npm WARN   2 more (@assecosolutions/fox-table-view, @assecosolutions/fox-condition-executor)
npm WARN 
npm WARN Conflicting peer dependency: @assecosolutions/common@1.5.14
npm WARN node_modules/@assecosolutions/common
npm WARN   peer @assecosolutions/common@"1.5.14" from @assecosolutions/fox-combobox@1.5.16
npm WARN   node_modules/@assecosolutions/fox-combobox
npm WARN     peer @assecosolutions/fox-combobox@"1.5.16" from @assecosolutions/fox-preview@1.5.15
npm WARN     node_modules/@assecosolutions/fox-preview
npm WARN     2 more (@assecosolutions/fox-table-view, @assecosolutions/fox-condition-executor)
npm WARN ERESOLVE overriding peer dependency
npm WARN While resolving: @assecosolutions/fox-condition-builder@1.5.15
npm WARN Found: @assecosolutions/fox-combobox@1.5.16
npm WARN node_modules/@assecosolutions/fox-combobox
npm WARN   peer @assecosolutions/fox-combobox@"1.5.16" from @assecosolutions/fox-preview@1.5.15
npm WARN   node_modules/@assecosolutions/fox-preview
npm WARN     @assecosolutions/fox-preview@"*" from the root project
npm WARN   2 more (@assecosolutions/fox-table-view, @assecosolutions/fox-condition-executor)
npm WARN 
npm WARN Could not resolve dependency:
npm WARN peer @assecosolutions/fox-combobox@"1.5.15" from @assecosolutions/fox-condition-builder@1.5.15
npm WARN node_modules/@assecosolutions/fox-condition-builder
npm WARN   peer @assecosolutions/fox-condition-builder@"1.5.15" from @assecosolutions/fox-preview@1.5.15
npm WARN   node_modules/@assecosolutions/fox-preview
npm WARN   1 more (@assecosolutions/fox-table-view)
npm WARN 
npm WARN Conflicting peer dependency: @assecosolutions/fox-combobox@1.5.15
npm WARN node_modules/@assecosolutions/fox-combobox
npm WARN   peer @assecosolutions/fox-combobox@"1.5.15" from @assecosolutions/fox-condition-builder@1.5.15
npm WARN   node_modules/@assecosolutions/fox-condition-builder
npm WARN     peer @assecosolutions/fox-condition-builder@"1.5.15" from @assecosolutions/fox-preview@1.5.15
npm WARN     node_modules/@assecosolutions/fox-preview
npm WARN     1 more (@assecosolutions/fox-table-view)
npm WARN ERESOLVE overriding peer dependency
npm WARN While resolving: @assecosolutions/fox-condition-executor@1.5.14
npm WARN Found: @assecosolutions/fox-condition-builder@1.5.15
npm WARN node_modules/@assecosolutions/fox-condition-builder
npm WARN   peer @assecosolutions/fox-condition-builder@"1.5.15" from @assecosolutions/fox-preview@1.5.15
npm WARN   node_modules/@assecosolutions/fox-preview
npm WARN     @assecosolutions/fox-preview@"*" from the root project
npm WARN   1 more (@assecosolutions/fox-table-view)
npm WARN 
npm WARN Could not resolve dependency:
npm WARN peer @assecosolutions/fox-condition-builder@"1.5.14" from @assecosolutions/fox-condition-executor@1.5.14
npm WARN node_modules/@assecosolutions/fox-condition-executor
npm WARN   peer @assecosolutions/fox-condition-executor@"1.5.14" from @assecosolutions/fox-preview@1.5.15
npm WARN   node_modules/@assecosolutions/fox-preview
npm WARN 
npm WARN Conflicting peer dependency: @assecosolutions/fox-condition-builder@1.5.14
npm WARN node_modules/@assecosolutions/fox-condition-builder
npm WARN   peer @assecosolutions/fox-condition-builder@"1.5.14" from @assecosolutions/fox-condition-executor@1.5.14
npm WARN   node_modules/@assecosolutions/fox-condition-executor
npm WARN     peer @assecosolutions/fox-condition-executor@"1.5.14" from @assecosolutions/fox-preview@1.5.15
npm WARN     node_modules/@assecosolutions/fox-preview
npm WARN ERESOLVE overriding peer dependency
npm WARN While resolving: @assecosolutions/fox-preview@1.5.15
npm WARN Found: @assecosolutions/fox-badge@1.5.20
npm WARN node_modules/@assecosolutions/fox-badge
npm WARN   @assecosolutions/fox-badge@"^1.5.20" from the root project
npm WARN 
npm WARN Could not resolve dependency:
npm WARN peer @assecosolutions/fox-badge@"1.5.15" from @assecosolutions/fox-preview@1.5.15
npm WARN node_modules/@assecosolutions/fox-preview
npm WARN   @assecosolutions/fox-preview@"*" from the root project
npm WARN 
npm WARN Conflicting peer dependency: @assecosolutions/fox-badge@1.5.15
npm WARN node_modules/@assecosolutions/fox-badge
npm WARN   peer @assecosolutions/fox-badge@"1.5.15" from @assecosolutions/fox-preview@1.5.15
npm WARN   node_modules/@assecosolutions/fox-preview
npm WARN     @assecosolutions/fox-preview@"*" from the root project
npm WARN ERESOLVE overriding peer dependency
npm WARN While resolving: @assecosolutions/fox-preview@1.5.15
npm WARN Found: @assecosolutions/fox-button@1.5.26
npm WARN node_modules/@assecosolutions/fox-button
npm WARN   @assecosolutions/fox-button@"^1.5.26" from the root project
npm WARN 
npm WARN Could not resolve dependency:
npm WARN peer @assecosolutions/fox-button@"1.5.15" from @assecosolutions/fox-preview@1.5.15
npm WARN node_modules/@assecosolutions/fox-preview
npm WARN   @assecosolutions/fox-preview@"*" from the root project
npm WARN 
npm WARN Conflicting peer dependency: @assecosolutions/fox-button@1.5.15
npm WARN node_modules/@assecosolutions/fox-button
npm WARN   peer @assecosolutions/fox-button@"1.5.15" from @assecosolutions/fox-preview@1.5.15
npm WARN   node_modules/@assecosolutions/fox-preview
npm WARN     @assecosolutions/fox-preview@"*" from the root project
npm WARN ERESOLVE overriding peer dependency
npm WARN While resolving: @assecosolutions/fox-table-view@1.5.14
npm WARN Found: @assecosolutions/fox-badge@1.5.20
npm WARN node_modules/@assecosolutions/fox-badge
npm WARN   @assecosolutions/fox-badge@"^1.5.20" from the root project
npm WARN 
npm WARN Could not resolve dependency:
npm WARN peer @assecosolutions/fox-badge@"1.5.15" from @assecosolutions/fox-table-view@1.5.14
npm WARN node_modules/@assecosolutions/fox-table-view
npm WARN   peer @assecosolutions/fox-table-view@"1.5.14" from @assecosolutions/fox-preview@1.5.15
npm WARN   node_modules/@assecosolutions/fox-preview
npm WARN 
npm WARN Conflicting peer dependency: @assecosolutions/fox-badge@1.5.15
npm WARN node_modules/@assecosolutions/fox-badge
npm WARN   peer @assecosolutions/fox-badge@"1.5.15" from @assecosolutions/fox-table-view@1.5.14
npm WARN   node_modules/@assecosolutions/fox-table-view
npm WARN     peer @assecosolutions/fox-table-view@"1.5.14" from @assecosolutions/fox-preview@1.5.15
npm WARN     node_modules/@assecosolutions/fox-preview
npm WARN ERESOLVE overriding peer dependency
npm WARN While resolving: @assecosolutions/fox-table-view@1.5.14
npm WARN Found: @assecosolutions/fox-condition-executor@1.5.14
npm WARN node_modules/@assecosolutions/fox-condition-executor
npm WARN   peer @assecosolutions/fox-condition-executor@"1.5.14" from @assecosolutions/fox-preview@1.5.15
npm WARN   node_modules/@assecosolutions/fox-preview
npm WARN     @assecosolutions/fox-preview@"*" from the root project
npm WARN 
npm WARN Could not resolve dependency:
npm WARN peer @assecosolutions/fox-condition-executor@"1.5.13" from @assecosolutions/fox-table-view@1.5.14
npm WARN node_modules/@assecosolutions/fox-table-view
npm WARN   peer @assecosolutions/fox-table-view@"1.5.14" from @assecosolutions/fox-preview@1.5.15
npm WARN   node_modules/@assecosolutions/fox-preview
npm WARN 
npm WARN Conflicting peer dependency: @assecosolutions/fox-condition-executor@1.5.13
npm WARN node_modules/@assecosolutions/fox-condition-executor
npm WARN   peer @assecosolutions/fox-condition-executor@"1.5.13" from @assecosolutions/fox-table-view@1.5.14
npm WARN   node_modules/@assecosolutions/fox-table-view
npm WARN     peer @assecosolutions/fox-table-view@"1.5.14" from @assecosolutions/fox-preview@1.5.15
npm WARN     node_modules/@assecosolutions/fox-preview
npm WARN deprecated source-map-resolve@0.6.0: See https://github.com/lydell/source-map-resolve#deprecated
npm WARN deprecated @assecosolutions/fox-table-view@1.5.14: ℹ️ Note: We renamed fox-table-view to fox-table-executor. Future releases will be under https://www.npmjs.com/package/@assecosolutions/fox-table-executor 

added 998 packages, and audited 999 packages in 43s

100 packages are looking for funding
  run `npm fund` for details

found 0 vulnerabilities
