# npm resolution error report

2022-04-07T13:47:31.390Z

While resolving: @assecosolutions/fox-preview@1.5.15
Found: @assecosolutions/fox-badge@1.5.21-beta.2
node_modules/@assecosolutions/fox-badge
  @assecosolutions/fox-badge@"~1.5.21-beta.2" from @assecosolutions/fox-table-executor@1.5.23-beta.2
  node_modules/@assecosolutions/fox-table-executor
    @assecosolutions/fox-table-executor@"^1.5.23-beta.2" from the root project
  @assecosolutions/fox-badge@"^1.5.21-beta.2" from the root project

Could not resolve dependency:
peer @assecosolutions/fox-badge@"1.5.15" from @assecosolutions/fox-preview@1.5.15
node_modules/@assecosolutions/fox-preview
  @assecosolutions/fox-preview@"^1.5.15" from the root project

Conflicting peer dependency: @assecosolutions/fox-badge@1.5.15
node_modules/@assecosolutions/fox-badge
  peer @assecosolutions/fox-badge@"1.5.15" from @assecosolutions/fox-preview@1.5.15
  node_modules/@assecosolutions/fox-preview
    @assecosolutions/fox-preview@"^1.5.15" from the root project

Fix the upstream dependency conflict, or retry
this command with --force, or --legacy-peer-deps
to accept an incorrect (and potentially broken) dependency resolution.

Raw JSON explanation object:

{
  "code": "ERESOLVE",
  "edge": {
    "type": "peer",
    "name": "@assecosolutions/fox-badge",
    "spec": "1.5.15",
    "error": "INVALID",
    "from": {
      "name": "@assecosolutions/fox-preview",
      "version": "1.5.15",
      "location": "node_modules/@assecosolutions/fox-preview",
      "isWorkspace": false,
      "dependents": [
        {
          "type": "prod",
          "name": "@assecosolutions/fox-preview",
          "spec": "^1.5.15",
          "from": {
            "location": "/home/runner/work/fox/fox"
          }
        }
      ]
    }
  },
  "dep": {
    "name": "@assecosolutions/fox-badge",
    "version": "1.5.15",
    "whileInstalling": {
      "name": "@assecosolutions/fox-preview",
      "version": "1.5.15",
      "path": "/home/runner/work/fox/fox/node_modules/@assecosolutions/fox-preview"
    },
    "location": "node_modules/@assecosolutions/fox-badge",
    "isWorkspace": false,
    "dependents": [
      {
        "type": "peer",
        "name": "@assecosolutions/fox-badge",
        "spec": "1.5.15",
        "error": "INVALID",
        "from": {
          "name": "@assecosolutions/fox-preview",
          "version": "1.5.15",
          "location": "node_modules/@assecosolutions/fox-preview",
          "isWorkspace": false,
          "dependents": [
            {
              "type": "prod",
              "name": "@assecosolutions/fox-preview",
              "spec": "^1.5.15",
              "from": {
                "location": "/home/runner/work/fox/fox"
              }
            }
          ]
        }
      }
    ]
  },
  "current": {
    "name": "@assecosolutions/fox-badge",
    "version": "1.5.21-beta.2",
    "location": "node_modules/@assecosolutions/fox-badge",
    "isWorkspace": false,
    "dependents": [
      {
        "type": "prod",
        "name": "@assecosolutions/fox-badge",
        "spec": "~1.5.21-beta.2",
        "from": {
          "name": "@assecosolutions/fox-table-executor",
          "version": "1.5.23-beta.2",
          "location": "node_modules/@assecosolutions/fox-table-executor",
          "isWorkspace": false,
          "dependents": [
            {
              "type": "prod",
              "name": "@assecosolutions/fox-table-executor",
              "spec": "^1.5.23-beta.2",
              "from": {
                "location": "/home/runner/work/fox/fox"
              }
            }
          ]
        }
      },
      {
        "type": "prod",
        "name": "@assecosolutions/fox-badge",
        "spec": "^1.5.21-beta.2",
        "from": {
          "location": "/home/runner/work/fox/fox"
        }
      }
    ]
  },
  "peerConflict": {
    "current": {
      "name": "@assecosolutions/fox-badge",
      "version": "1.5.21-beta.2",
      "location": "node_modules/@assecosolutions/fox-badge",
      "isWorkspace": false,
      "dependents": [
        {
          "type": "prod",
          "name": "@assecosolutions/fox-badge",
          "spec": "~1.5.21-beta.2",
          "from": {
            "name": "@assecosolutions/fox-table-executor",
            "version": "1.5.23-beta.2",
            "location": "node_modules/@assecosolutions/fox-table-executor",
            "isWorkspace": false,
            "dependents": [
              {
                "type": "prod",
                "name": "@assecosolutions/fox-table-executor",
                "spec": "^1.5.23-beta.2",
                "from": {
                  "location": "/home/runner/work/fox/fox"
                }
              }
            ]
          }
        },
        {
          "type": "prod",
          "name": "@assecosolutions/fox-badge",
          "spec": "^1.5.21-beta.2",
          "from": {
            "location": "/home/runner/work/fox/fox"
          }
        }
      ]
    },
    "peer": {
      "name": "@assecosolutions/fox-badge",
      "version": "1.5.15",
      "whileInstalling": {
        "name": "@assecosolutions/fox-preview",
        "version": "1.5.15",
        "path": "/home/runner/work/fox/fox/node_modules/@assecosolutions/fox-preview"
      },
      "location": "node_modules/@assecosolutions/fox-badge",
      "isWorkspace": false,
      "dependents": [
        {
          "type": "peer",
          "name": "@assecosolutions/fox-badge",
          "spec": "1.5.15",
          "error": "INVALID",
          "from": {
            "name": "@assecosolutions/fox-preview",
            "version": "1.5.15",
            "location": "node_modules/@assecosolutions/fox-preview",
            "isWorkspace": false,
            "dependents": [
              {
                "type": "prod",
                "name": "@assecosolutions/fox-preview",
                "spec": "^1.5.15",
                "from": {
                  "location": "/home/runner/work/fox/fox"
                }
              }
            ]
          }
        }
      ]
    }
  },
  "strictPeerDeps": false,
  "force": false,
  "isMine": true
}
