npm ERR! code ERESOLVE
npm ERR! ERESOLVE unable to resolve dependency tree
npm ERR! 
npm ERR! While resolving: fox-stackblitz@0.0.0
npm ERR! Found: @assecosolutions/fox-badge@1.5.21-beta.8-beta.0
npm ERR! node_modules/@assecosolutions/fox-badge
npm ERR!   @assecosolutions/fox-badge@"^1.5.21-beta.11" from the root project
npm ERR! 
npm ERR! Could not resolve dependency:
npm ERR! peer @assecosolutions/fox-badge@"1.5.15" from @assecosolutions/fox-preview@1.5.15
npm ERR! node_modules/@assecosolutions/fox-preview
npm ERR!   @assecosolutions/fox-preview@"1.5.15" from the root project
npm ERR! 
npm ERR! Fix the upstream dependency conflict, or retry
npm ERR! this command with --force, or --legacy-peer-deps
npm ERR! to accept an incorrect (and potentially broken) dependency resolution.
npm ERR! 
npm ERR! See /home/runner/.npm/eresolve-report.txt for a full report.

npm ERR! A complete log of this run can be found in:
npm ERR!     /home/runner/.npm/_logs/2022-04-13T11_17_04_305Z-debug-0.log
